<?xml version="1.0" encoding="UTF-8"?>
<!-- Generated by org.testng.reporters.JUnitReportReporter -->
<testsuite hostname="mindc1d240" failures="0" tests="1" name="com.mindtree.Helper.Log4j" time="13.839" errors="0" timestamp="20 May 2022 13:35:37 GMT">
  <testcase classname="com.mindtree.Helper.Log4j" name="setUp" time="13.839"/>
</testsuite> <!-- com.mindtree.Helper.Log4j -->
